<?xml version="1.0" encoding="UTF-8"?>
<testsuite xmlns:xsi="http://www.w3.org/2001/XMLSchema-instance" xsi:noNamespaceSchemaLocation="https://maven.apache.org/surefire/maven-surefire-plugin/xsd/surefire-test-report.xsd" name="com.xx.springboot.SpringBootBillApplicationTests" time="9.132" tests="2" errors="0" skipped="0" failures="0">
  <properties>
[...]
</properties>
  <testcase name="testBill" classname="com.xx.springboot.SpringBootBillApplicationTests" time="1.363"/>
  <testcase name="contextLoads" classname="com.xx.springboot.SpringBootBillApplicationTests" time="0.028"/>
</testsuite>